<?xml version="1.0" encoding="UTF-8"?>
<!-- Generated by org.testng.reporters.JUnitXMLReporter -->
<testsuite hostname="DESKTOP-O933604" ignored="2" name="Default test" tests="5" failures="0" timestamp="14 Vas 2017 10:55:09 GMT" time="0.086" errors="0">
  <testcase name="@BeforeTest settingUp" time="0.0" classname="it.akademija.admin.VotingSystem">
    <failure type="org.testng.TestNGException" message="
Parameter &amp;apos;link&amp;apos; is required by BeforeTest on method settingUp but has not been marked @Optional or defined
in C:\Users\User\AppData\Local\Temp\testng-eclipse--1055450483\testng-customsuite.xml">
      <![CDATA[org.testng.TestNGException: 
Parameter 'link' is required by BeforeTest on method settingUp but has not been marked @Optional or defined
in C:\Users\User\AppData\Local\Temp\testng-eclipse--1055450483\testng-customsuite.xml
	at org.testng.internal.Parameters.createParameters(Parameters.java:199)
	at org.testng.internal.Parameters.createParameters(Parameters.java:443)
	at org.testng.internal.Parameters.createConfigurationParameters(Parameters.java:118)
	at org.testng.internal.Invoker.invokeConfigurations(Invoker.java:203)
	at org.testng.internal.Invoker.invokeConfigurations(Invoker.java:144)
	at org.testng.TestRunner.beforeRun(TestRunner.java:634)
	at org.testng.TestRunner.run(TestRunner.java:602)
	at org.testng.SuiteRunner.runTest(SuiteRunner.java:387)
	at org.testng.SuiteRunner.runSequentially(SuiteRunner.java:382)
	at org.testng.SuiteRunner.privateRun(SuiteRunner.java:340)
	at org.testng.SuiteRunner.run(SuiteRunner.java:289)
	at org.testng.SuiteRunnerWorker.runSuite(SuiteRunnerWorker.java:52)
	at org.testng.SuiteRunnerWorker.run(SuiteRunnerWorker.java:86)
	at org.testng.TestNG.runSuitesSequentially(TestNG.java:1293)
	at org.testng.TestNG.runSuitesLocally(TestNG.java:1218)
	at org.testng.TestNG.runSuites(TestNG.java:1133)
	at org.testng.TestNG.run(TestNG.java:1104)
	at org.testng.remote.AbstractRemoteTestNG.run(AbstractRemoteTestNG.java:132)
	at org.testng.remote.RemoteTestNG.initAndRun(RemoteTestNG.java:236)
	at org.testng.remote.RemoteTestNG.main(RemoteTestNG.java:81)
]]>
    </failure>
  </testcase> <!-- @BeforeTest settingUp -->
  <testcase name="@AfterTest endingTestActivities" time="0.0" classname="it.akademija.admin.VotingSystem">
    <skipped/>
  </testcase> <!-- @AfterTest endingTestActivities -->
  <testcase name="testRegisterMultipleCounties" time="0.009" classname="it.akademija.admin.TestCounty">
    <skipped/>
  </testcase> <!-- testRegisterMultipleCounties -->
  <testcase name="testRegisterCounty" time="0.004" classname="it.akademija.admin.TestCounty">
    <skipped/>
  </testcase> <!-- testRegisterCounty -->
  <testcase name="testRegisterCounty" time="0.001" classname="it.akademija.admin.TestCounty">
    <skipped/>
  </testcase> <!-- testRegisterCounty -->
  <testcase name="testDeleteCounty" time="0.002" classname="it.akademija.admin.TestCounty">
    <skipped/>
  </testcase> <!-- testDeleteCounty -->
  <testcase name="testEditCounty" time="0.001" classname="it.akademija.admin.TestCounty">
    <skipped/>
  </testcase> <!-- testEditCounty -->
  <testcase name="testAddCandidateList" time="0.0" classname="it.akademija.admin.TestCounty">
    <ignored/>
  </testcase> <!-- testAddCandidateList -->
  <testcase name="testAddCandidatesList" time="0.0" classname="it.akademija.admin.TestCounty">
    <ignored/>
  </testcase> <!-- testAddCandidatesList -->
</testsuite> <!-- Default test -->
