<?xml version="1.0" encoding="UTF-8"?>
<!-- Generated by org.testng.reporters.JUnitXMLReporter -->
<testsuite hostname="DESKTOP-O933604" ignored="5" name="ChromeTest" tests="21" failures="2" timestamp="01 Kov 2017 07:26:07 GMT" time="191.706" errors="0">
  <testcase name="@AfterClass endingTestActivities" time="0.0" classname="it.akademija.admin.VotingSystem">
    <failure type="org.openqa.selenium.NoSuchWindowException" message="no such window: target window already closed
from unknown error: web view not found
  (Session info: chrome=56.0.2924.87)
  (Driver info: chromedriver=2.27.440174 (e97a722caafc2d3a8b807ee115bfb307f7d2cfd9),platform=Windows NT 10.0.14393 x86_64) (WARNING: The server did not provide any stacktrace information)
Command duration or timeout: 71 milliseconds
Build info: version: &amp;apos;2.53.1&amp;apos;, revision: &amp;apos;a36b8b1cd5757287168e54b817830adce9b0158d&amp;apos;, time: &amp;apos;2016-06-30 19:26:09&amp;apos;
System info: host: &amp;apos;DESKTOP-O933604&amp;apos;, ip: &amp;apos;192.168.30.59&amp;apos;, os.name: &amp;apos;Windows 10&amp;apos;, os.arch: &amp;apos;amd64&amp;apos;, os.version: &amp;apos;10.0&amp;apos;, java.version: &amp;apos;1.8.0_73&amp;apos;
Driver info: org.openqa.selenium.chrome.ChromeDriver
Capabilities [{applicationCacheEnabled=false, rotatable=false, mobileEmulationEnabled=false, networkConnectionEnabled=false, chrome={chromedriverVersion=2.27.440174 (e97a722caafc2d3a8b807ee115bfb307f7d2cfd9), userDataDir=C:\Users\User\AppData\Local\Temp\scoped_dir2696_14990}, takesHeapSnapshot=true, pageLoadStrategy=normal, databaseEnabled=false, handlesAlerts=true, hasTouchScreen=false, version=56.0.2924.87, platform=XP, browserConnectionEnabled=false, nativeEvents=true, acceptSslCerts=true, locationContextEnabled=true, webStorageEnabled=true, browserName=chrome, takesScreenshot=true, javascriptEnabled=true, cssSelectorsEnabled=true, unexpectedAlertBehaviour=}]
Session ID: ee86f785454faf7b76b3fa627586186d">
      <![CDATA[org.openqa.selenium.NoSuchWindowException: no such window: target window already closed
from unknown error: web view not found
  (Session info: chrome=56.0.2924.87)
  (Driver info: chromedriver=2.27.440174 (e97a722caafc2d3a8b807ee115bfb307f7d2cfd9),platform=Windows NT 10.0.14393 x86_64) (WARNING: The server did not provide any stacktrace information)
Command duration or timeout: 71 milliseconds
Build info: version: '2.53.1', revision: 'a36b8b1cd5757287168e54b817830adce9b0158d', time: '2016-06-30 19:26:09'
System info: host: 'DESKTOP-O933604', ip: '192.168.30.59', os.name: 'Windows 10', os.arch: 'amd64', os.version: '10.0', java.version: '1.8.0_73'
Driver info: org.openqa.selenium.chrome.ChromeDriver
Capabilities [{applicationCacheEnabled=false, rotatable=false, mobileEmulationEnabled=false, networkConnectionEnabled=false, chrome={chromedriverVersion=2.27.440174 (e97a722caafc2d3a8b807ee115bfb307f7d2cfd9), userDataDir=C:\Users\User\AppData\Local\Temp\scoped_dir2696_14990}, takesHeapSnapshot=true, pageLoadStrategy=normal, databaseEnabled=false, handlesAlerts=true, hasTouchScreen=false, version=56.0.2924.87, platform=XP, browserConnectionEnabled=false, nativeEvents=true, acceptSslCerts=true, locationContextEnabled=true, webStorageEnabled=true, browserName=chrome, takesScreenshot=true, javascriptEnabled=true, cssSelectorsEnabled=true, unexpectedAlertBehaviour=}]
Session ID: ee86f785454faf7b76b3fa627586186d
	at org.openqa.selenium.remote.ErrorHandler.createThrowable(ErrorHandler.java:206)
	at org.openqa.selenium.remote.ErrorHandler.throwIfResponseFailed(ErrorHandler.java:158)
	at org.openqa.selenium.remote.RemoteWebDriver.execute(RemoteWebDriver.java:678)
	at org.openqa.selenium.remote.RemoteWebDriver.execute(RemoteWebDriver.java:701)
	at org.openqa.selenium.remote.RemoteWebDriver.close(RemoteWebDriver.java:521)
	at it.akademija.admin.VotingSystem.endingTestActivities(VotingSystem.java:107)
	at java.util.concurrent.FutureTask.run(FutureTask.java:266)
	at java.util.concurrent.ThreadPoolExecutor.runWorker(ThreadPoolExecutor.java:1142)
	at java.util.concurrent.ThreadPoolExecutor$Worker.run(ThreadPoolExecutor.java:617)
	at java.lang.Thread.run(Thread.java:745)
... Removed 20 stack frames]]>
    </failure>
  </testcase> <!-- @AfterClass endingTestActivities -->
  <testcase name="@BeforeClass settingUp" time="0.0" classname="it.akademija.admin.VotingSystem">
    <skipped/>
  </testcase> <!-- @BeforeClass settingUp -->
  <testcase name="@AfterClass endingTestActivities" time="0.0" classname="it.akademija.admin.VotingSystem">
    <skipped/>
  </testcase> <!-- @AfterClass endingTestActivities -->
  <testcase name="@BeforeClass settingUp" time="0.0" classname="it.akademija.admin.VotingSystem">
    <skipped/>
  </testcase> <!-- @BeforeClass settingUp -->
  <testcase name="@AfterClass endingTestActivities" time="0.0" classname="it.akademija.admin.VotingSystem">
    <skipped/>
  </testcase> <!-- @AfterClass endingTestActivities -->
  <testcase name="@BeforeClass settingUp" time="0.0" classname="it.akademija.admin.VotingSystem">
    <skipped/>
  </testcase> <!-- @BeforeClass settingUp -->
  <testcase name="@AfterClass endingTestActivities" time="0.0" classname="it.akademija.admin.VotingSystem">
    <skipped/>
  </testcase> <!-- @AfterClass endingTestActivities -->
  <testcase name="@BeforeClass settingUp" time="0.0" classname="it.akademija.admin.VotingSystem">
    <skipped/>
  </testcase> <!-- @BeforeClass settingUp -->
  <testcase name="@AfterClass endingTestActivities" time="0.0" classname="it.akademija.admin.VotingSystem">
    <skipped/>
  </testcase> <!-- @AfterClass endingTestActivities -->
  <testcase name="@BeforeClass settingUp" time="0.0" classname="it.akademija.admin.VotingSystem">
    <skipped/>
  </testcase> <!-- @BeforeClass settingUp -->
  <testcase name="@AfterClass endingTestActivities" time="0.0" classname="it.akademija.admin.VotingSystem">
    <skipped/>
  </testcase> <!-- @AfterClass endingTestActivities -->
  <testcase name="@BeforeClass settingUp" time="0.0" classname="it.akademija.admin.VotingSystem">
    <skipped/>
  </testcase> <!-- @BeforeClass settingUp -->
  <testcase name="@AfterClass endingTestActivities" time="0.0" classname="it.akademija.admin.VotingSystem">
    <skipped/>
  </testcase> <!-- @AfterClass endingTestActivities -->
  <testcase name="registerCountyTest" time="3.055" classname="it.akademija.admin.CountyTest"/>
  <testcase name="registerCountyTest" time="0.83" classname="it.akademija.admin.CountyTest"/>
  <testcase name="registerMultipleCountiesTest" time="6.006" classname="it.akademija.admin.CountyTest"/>
  <testcase name="editCountyTest" time="1.906" classname="it.akademija.admin.CountyTest"/>
  <testcase name="deleteCountyTest" time="4.356" classname="it.akademija.admin.CountyTest"/>
  <testcase name="addCandidatesListTest" time="2.471" classname="it.akademija.admin.CountyTest"/>
  <testcase name="registerDistrictTest" time="12.101" classname="it.akademija.admin.DistrictTest"/>
  <testcase name="registerDistrictTest" time="2.985" classname="it.akademija.admin.DistrictTest"/>
  <testcase name="registerExistingDistrictAndAssigntToDifferentCountyTest" time="11.606" classname="it.akademija.admin.DistrictTest"/>
  <testcase name="registerMultipleDistrictsToDifferentCountiesTest" time="24.388" classname="it.akademija.admin.DistrictTest"/>
  <testcase name="registerMultipleDistrictsToOneCountyTest" time="23.381" classname="it.akademija.admin.DistrictTest"/>
  <testcase name="editDistrictTest" time="81.698" classname="it.akademija.admin.DistrictTest">
    <failure type="java.lang.NullPointerException">
      <![CDATA[java.lang.NullPointerException
	at org.openqa.selenium.support.ui.ExpectedConditions.elementIfVisible(ExpectedConditions.java:302)
	at org.openqa.selenium.support.ui.ExpectedConditions.access$100(ExpectedConditions.java:41)
	at org.openqa.selenium.support.ui.ExpectedConditions$7.apply(ExpectedConditions.java:205)
	at org.openqa.selenium.support.ui.ExpectedConditions$7.apply(ExpectedConditions.java:201)
	at org.openqa.selenium.support.ui.ExpectedConditions$22.apply(ExpectedConditions.java:653)
	at org.openqa.selenium.support.ui.ExpectedConditions$22.apply(ExpectedConditions.java:646)
	at org.openqa.selenium.support.ui.FluentWait.until(FluentWait.java:238)
	at utilities.Utilities.waitToLoad(Utilities.java:47)
	at it.akademija.admin.DistrictPage.editDistrict(DistrictPage.java:127)
	at it.akademija.admin.DistrictTest.editDistrictTest(DistrictTest.java:52)
	at java.util.concurrent.FutureTask.run(FutureTask.java:266)
	at java.util.concurrent.ThreadPoolExecutor.runWorker(ThreadPoolExecutor.java:1142)
	at java.util.concurrent.ThreadPoolExecutor$Worker.run(ThreadPoolExecutor.java:617)
	at java.lang.Thread.run(Thread.java:745)
... Removed 16 stack frames]]>
    </failure>
  </testcase> <!-- editDistrictTest -->
  <testcase name="deleteDistrictTest" time="0.012" classname="it.akademija.admin.DistrictTest">
    <failure type="org.openqa.selenium.NoSuchWindowException" message="no such window: target window already closed
from unknown error: web view not found
  (Session info: chrome=56.0.2924.87)
  (Driver info: chromedriver=2.27.440174 (e97a722caafc2d3a8b807ee115bfb307f7d2cfd9),platform=Windows NT 10.0.14393 x86_64) (WARNING: The server did not provide any stacktrace information)
Command duration or timeout: 8 milliseconds
Build info: version: &amp;apos;2.53.1&amp;apos;, revision: &amp;apos;a36b8b1cd5757287168e54b817830adce9b0158d&amp;apos;, time: &amp;apos;2016-06-30 19:26:09&amp;apos;
System info: host: &amp;apos;DESKTOP-O933604&amp;apos;, ip: &amp;apos;192.168.30.59&amp;apos;, os.name: &amp;apos;Windows 10&amp;apos;, os.arch: &amp;apos;amd64&amp;apos;, os.version: &amp;apos;10.0&amp;apos;, java.version: &amp;apos;1.8.0_73&amp;apos;
Driver info: org.openqa.selenium.chrome.ChromeDriver
Capabilities [{applicationCacheEnabled=false, rotatable=false, mobileEmulationEnabled=false, networkConnectionEnabled=false, chrome={chromedriverVersion=2.27.440174 (e97a722caafc2d3a8b807ee115bfb307f7d2cfd9), userDataDir=C:\Users\User\AppData\Local\Temp\scoped_dir2696_14990}, takesHeapSnapshot=true, pageLoadStrategy=normal, databaseEnabled=false, handlesAlerts=true, hasTouchScreen=false, version=56.0.2924.87, platform=XP, browserConnectionEnabled=false, nativeEvents=true, acceptSslCerts=true, locationContextEnabled=true, webStorageEnabled=true, browserName=chrome, takesScreenshot=true, javascriptEnabled=true, cssSelectorsEnabled=true, unexpectedAlertBehaviour=}]
Session ID: ee86f785454faf7b76b3fa627586186d
*** Element info: {Using=id, value=district-button}">
      <![CDATA[org.openqa.selenium.NoSuchWindowException: no such window: target window already closed
from unknown error: web view not found
  (Session info: chrome=56.0.2924.87)
  (Driver info: chromedriver=2.27.440174 (e97a722caafc2d3a8b807ee115bfb307f7d2cfd9),platform=Windows NT 10.0.14393 x86_64) (WARNING: The server did not provide any stacktrace information)
Command duration or timeout: 8 milliseconds
Build info: version: '2.53.1', revision: 'a36b8b1cd5757287168e54b817830adce9b0158d', time: '2016-06-30 19:26:09'
System info: host: 'DESKTOP-O933604', ip: '192.168.30.59', os.name: 'Windows 10', os.arch: 'amd64', os.version: '10.0', java.version: '1.8.0_73'
Driver info: org.openqa.selenium.chrome.ChromeDriver
Capabilities [{applicationCacheEnabled=false, rotatable=false, mobileEmulationEnabled=false, networkConnectionEnabled=false, chrome={chromedriverVersion=2.27.440174 (e97a722caafc2d3a8b807ee115bfb307f7d2cfd9), userDataDir=C:\Users\User\AppData\Local\Temp\scoped_dir2696_14990}, takesHeapSnapshot=true, pageLoadStrategy=normal, databaseEnabled=false, handlesAlerts=true, hasTouchScreen=false, version=56.0.2924.87, platform=XP, browserConnectionEnabled=false, nativeEvents=true, acceptSslCerts=true, locationContextEnabled=true, webStorageEnabled=true, browserName=chrome, takesScreenshot=true, javascriptEnabled=true, cssSelectorsEnabled=true, unexpectedAlertBehaviour=}]
Session ID: ee86f785454faf7b76b3fa627586186d
*** Element info: {Using=id, value=district-button}
	at org.openqa.selenium.remote.ErrorHandler.createThrowable(ErrorHandler.java:206)
	at org.openqa.selenium.remote.ErrorHandler.throwIfResponseFailed(ErrorHandler.java:158)
	at org.openqa.selenium.remote.RemoteWebDriver.execute(RemoteWebDriver.java:678)
	at org.openqa.selenium.remote.RemoteWebDriver.findElement(RemoteWebDriver.java:363)
	at org.openqa.selenium.remote.RemoteWebDriver.findElementById(RemoteWebDriver.java:413)
	at org.openqa.selenium.By$ById.findElement(By.java:218)
	at org.openqa.selenium.remote.RemoteWebDriver.findElement(RemoteWebDriver.java:355)
	at org.openqa.selenium.support.pagefactory.DefaultElementLocator.findElement(DefaultElementLocator.java:69)
	at org.openqa.selenium.support.pagefactory.internal.LocatingElementHandler.invoke(LocatingElementHandler.java:38)
	at com.sun.proxy.$Proxy7.click(Unknown Source)
	at it.akademija.admin.DistrictPage.deleteDistrict(DistrictPage.java:137)
	at it.akademija.admin.DistrictTest.deleteDistrictTest(DistrictTest.java:59)
	at java.util.concurrent.FutureTask.run(FutureTask.java:266)
	at java.util.concurrent.ThreadPoolExecutor.runWorker(ThreadPoolExecutor.java:1142)
	at java.util.concurrent.ThreadPoolExecutor$Worker.run(ThreadPoolExecutor.java:617)
	at java.lang.Thread.run(Thread.java:745)
... Removed 20 stack frames]]>
    </failure>
  </testcase> <!-- deleteDistrictTest -->
  <testcase name="registerMultipleRepresentativesTest" time="0.001" classname="it.akademija.admin.RepresentativeTest">
    <skipped/>
  </testcase> <!-- registerMultipleRepresentativesTest -->
  <testcase name="registerSingleRepresentativeTest" time="0.001" classname="it.akademija.admin.RepresentativeTest">
    <skipped/>
  </testcase> <!-- registerSingleRepresentativeTest -->
  <testcase name="registerPartyTest2" time="0.003" classname="it.akademija.admin.PartyTest">
    <skipped/>
  </testcase> <!-- registerPartyTest2 -->
  <testcase name="deleteCandidatesTest" time="0.001" classname="it.akademija.admin.PartyTest">
    <skipped/>
  </testcase> <!-- deleteCandidatesTest -->
  <testcase name="editNameAndSurnameTest" time="0.001" classname="it.akademija.admin.CandidatesTest">
    <skipped/>
  </testcase> <!-- editNameAndSurnameTest -->
  <testcase name="fillingSingleMemberResults" time="0.003" classname="it.akademija.representative.SingleMemberTest">
    <skipped/>
  </testcase> <!-- fillingSingleMemberResults -->
  <testcase name="fillingMultiMemberResults" time="0.002" classname="it.akademija.representative.MultiMemberTest">
    <skipped/>
  </testcase> <!-- fillingMultiMemberResults -->
  <testcase name="deleteResultsInSingleMemberTest" time="0.001" classname="it.akademija.admin.ResultsTest">
    <skipped/>
  </testcase> <!-- deleteResultsInSingleMemberTest -->
  <testcase name="registerPartyWithoutFileTest" time="0.0" classname="it.akademija.admin.PartyTest">
    <ignored/>
  </testcase> <!-- registerPartyWithoutFileTest -->
  <testcase name="registerPartyWithOtherFileTest" time="0.0" classname="it.akademija.admin.PartyTest">
    <ignored/>
  </testcase> <!-- registerPartyWithOtherFileTest -->
  <testcase name="deletePartyTest" time="0.0" classname="it.akademija.admin.PartyTest">
    <ignored/>
  </testcase> <!-- deletePartyTest -->
  <testcase name="editPartyTest" time="0.0" classname="it.akademija.admin.PartyTest">
    <ignored/>
  </testcase> <!-- editPartyTest -->
  <testcase name="registerPartyTest" time="0.0" classname="it.akademija.admin.PartyTest">
    <ignored/>
  </testcase> <!-- registerPartyTest -->
</testsuite> <!-- ChromeTest -->
