<?xml version="1.0" encoding="UTF-8"?>
<testng-results skipped="14" failed="11" total="27" passed="2">
  <reporter-output>
  </reporter-output>
  <suite name="Suite" duration-ms="243845" started-at="2017-02-22T07:47:10Z" finished-at="2017-02-22T07:51:14Z">
    <groups>
    </groups>
    <test name="ChromeTest" duration-ms="243845" started-at="2017-02-22T07:47:10Z" finished-at="2017-02-22T07:51:14Z">
      <class name="it.akademija.admin.TestDistrict">
        <test-method status="PASS" signature="settingUp(java.lang.String, java.lang.String, java.lang.String)[pri:0, instance:it.akademija.admin.TestDistrict@2d6e8792]" name="settingUp" is-config="true" duration-ms="6231" started-at="2017-02-22T09:47:49Z" finished-at="2017-02-22T09:47:55Z">
          <params>
            <param index="0">
              <value>
                <![CDATA[http://localhost:9090]]>
              </value>
            </param>
            <param index="1">
              <value>
                <![CDATA[Chrome]]>
              </value>
            </param>
            <param index="2">
              <value>
                <![CDATA[http://localhost:9090/#/admin/]]>
              </value>
            </param>
          </params>
          <reporter-output>
          </reporter-output>
        </test-method> <!-- settingUp -->
        <test-method status="FAIL" signature="testRegisterDistrict(java.lang.String, java.lang.String, java.lang.String, java.lang.String)[pri:0, instance:it.akademija.admin.TestDistrict@2d6e8792]" name="testRegisterDistrict" duration-ms="13705" started-at="2017-02-22T09:47:55Z" finished-at="2017-02-22T09:48:09Z">
          <params>
            <param index="0">
              <value>
                <![CDATA[Fabijoniskiu]]>
              </value>
            </param>
            <param index="1">
              <value>
                <![CDATA[Fabijoniskiu g. 15, Vilnius]]>
              </value>
            </param>
            <param index="2">
              <value>
                <![CDATA[2416]]>
              </value>
            </param>
            <param index="3">
              <value>
                <![CDATA[Akmenėss]]>
              </value>
            </param>
          </params>
          <exception class="java.lang.AssertionError">
            <message>
              <![CDATA[District wasn't succesfully created. expected [true] but found [false]]]>
            </message>
            <full-stacktrace>
              <![CDATA[java.lang.AssertionError: District wasn't succesfully created. expected [true] but found [false]
	at org.testng.Assert.fail(Assert.java:94)
	at org.testng.Assert.failNotEquals(Assert.java:494)
	at org.testng.Assert.assertTrue(Assert.java:42)
	at it.akademija.admin.TestDistrict.testRegisterDistrict(TestDistrict.java:20)
	at sun.reflect.NativeMethodAccessorImpl.invoke0(Native Method)
	at sun.reflect.NativeMethodAccessorImpl.invoke(NativeMethodAccessorImpl.java:62)
	at sun.reflect.DelegatingMethodAccessorImpl.invoke(DelegatingMethodAccessorImpl.java:43)
	at java.lang.reflect.Method.invoke(Method.java:497)
	at org.testng.internal.MethodInvocationHelper.invokeMethod(MethodInvocationHelper.java:80)
	at org.testng.internal.Invoker.invokeMethod(Invoker.java:714)
	at org.testng.internal.Invoker.invokeTestMethod(Invoker.java:901)
	at org.testng.internal.Invoker.invokeTestMethods(Invoker.java:1231)
	at org.testng.internal.TestMethodWorker.invokeTestMethods(TestMethodWorker.java:127)
	at org.testng.internal.TestMethodWorker.run(TestMethodWorker.java:111)
	at org.testng.TestRunner.privateRun(TestRunner.java:767)
	at org.testng.TestRunner.run(TestRunner.java:617)
	at org.testng.SuiteRunner.runTest(SuiteRunner.java:334)
	at org.testng.SuiteRunner.access$000(SuiteRunner.java:37)
	at org.testng.SuiteRunner$SuiteWorker.run(SuiteRunner.java:368)
	at org.testng.internal.thread.ThreadUtil$2.call(ThreadUtil.java:64)
	at java.util.concurrent.FutureTask.run(FutureTask.java:266)
	at java.util.concurrent.ThreadPoolExecutor.runWorker(ThreadPoolExecutor.java:1142)
	at java.util.concurrent.ThreadPoolExecutor$Worker.run(ThreadPoolExecutor.java:617)
	at java.lang.Thread.run(Thread.java:745)
]]>
            </full-stacktrace>
          </exception> <!-- java.lang.AssertionError -->
          <reporter-output>
          </reporter-output>
        </test-method> <!-- testRegisterDistrict -->
        <test-method status="FAIL" signature="testRegisterExistingDistrictAndAssigntToDifferentCounty(java.lang.String, java.lang.String, java.lang.String, java.lang.String)[pri:0, instance:it.akademija.admin.TestDistrict@2d6e8792]" name="testRegisterExistingDistrictAndAssigntToDifferentCounty" duration-ms="7290" started-at="2017-02-22T09:48:09Z" finished-at="2017-02-22T09:48:16Z">
          <params>
            <param index="0">
              <value>
                <![CDATA[Fabijoniskiu]]>
              </value>
            </param>
            <param index="1">
              <value>
                <![CDATA[Fabijoniskiu g. 15, Vilnius]]>
              </value>
            </param>
            <param index="2">
              <value>
                <![CDATA[2416]]>
              </value>
            </param>
            <param index="3">
              <value>
                <![CDATA[Dainavoss]]>
              </value>
            </param>
          </params>
          <exception class="java.lang.AssertionError">
            <message>
              <![CDATA[expected [true] but found [false]]]>
            </message>
            <full-stacktrace>
              <![CDATA[java.lang.AssertionError: expected [true] but found [false]
	at org.testng.Assert.fail(Assert.java:94)
	at org.testng.Assert.failNotEquals(Assert.java:494)
	at org.testng.Assert.assertTrue(Assert.java:42)
	at org.testng.Assert.assertTrue(Assert.java:52)
	at it.akademija.admin.TestDistrict.testRegisterExistingDistrictAndAssigntToDifferentCounty(TestDistrict.java:44)
	at sun.reflect.NativeMethodAccessorImpl.invoke0(Native Method)
	at sun.reflect.NativeMethodAccessorImpl.invoke(NativeMethodAccessorImpl.java:62)
	at sun.reflect.DelegatingMethodAccessorImpl.invoke(DelegatingMethodAccessorImpl.java:43)
	at java.lang.reflect.Method.invoke(Method.java:497)
	at org.testng.internal.MethodInvocationHelper.invokeMethod(MethodInvocationHelper.java:80)
	at org.testng.internal.Invoker.invokeMethod(Invoker.java:714)
	at org.testng.internal.Invoker.invokeTestMethod(Invoker.java:901)
	at org.testng.internal.Invoker.invokeTestMethods(Invoker.java:1231)
	at org.testng.internal.TestMethodWorker.invokeTestMethods(TestMethodWorker.java:127)
	at org.testng.internal.TestMethodWorker.run(TestMethodWorker.java:111)
	at org.testng.TestRunner.privateRun(TestRunner.java:767)
	at org.testng.TestRunner.run(TestRunner.java:617)
	at org.testng.SuiteRunner.runTest(SuiteRunner.java:334)
	at org.testng.SuiteRunner.access$000(SuiteRunner.java:37)
	at org.testng.SuiteRunner$SuiteWorker.run(SuiteRunner.java:368)
	at org.testng.internal.thread.ThreadUtil$2.call(ThreadUtil.java:64)
	at java.util.concurrent.FutureTask.run(FutureTask.java:266)
	at java.util.concurrent.ThreadPoolExecutor.runWorker(ThreadPoolExecutor.java:1142)
	at java.util.concurrent.ThreadPoolExecutor$Worker.run(ThreadPoolExecutor.java:617)
	at java.lang.Thread.run(Thread.java:745)
]]>
            </full-stacktrace>
          </exception> <!-- java.lang.AssertionError -->
          <reporter-output>
          </reporter-output>
        </test-method> <!-- testRegisterExistingDistrictAndAssigntToDifferentCounty -->
        <test-method status="FAIL" signature="testRegisterMultipleDistrictsToDifferentCounties(java.lang.String, java.lang.String, java.lang.String, java.lang.String)[pri:0, instance:it.akademija.admin.TestDistrict@2d6e8792]" name="testRegisterMultipleDistrictsToDifferentCounties" duration-ms="6665" started-at="2017-02-22T09:48:16Z" finished-at="2017-02-22T09:48:23Z">
          <params>
            <param index="0">
              <value>
                <![CDATA[src/test/resources/variousDistricts-input.txt]]>
              </value>
            </param>
            <param index="1">
              <value>
                <![CDATA[src/test/resources/variousDistrictsAddress-input.txt]]>
              </value>
            </param>
            <param index="2">
              <value>
                <![CDATA[src/test/resources/variousDistrictsVoters-input.txt]]>
              </value>
            </param>
            <param index="3">
              <value>
                <![CDATA[src/test/resources/county-input.txt]]>
              </value>
            </param>
          </params>
          <exception class="java.lang.AssertionError">
            <message>
              <![CDATA[expected [true] but found [false]]]>
            </message>
            <full-stacktrace>
              <![CDATA[java.lang.AssertionError: expected [true] but found [false]
	at org.testng.Assert.fail(Assert.java:94)
	at org.testng.Assert.failNotEquals(Assert.java:494)
	at org.testng.Assert.assertTrue(Assert.java:42)
	at org.testng.Assert.assertTrue(Assert.java:52)
	at it.akademija.admin.DistrictPage.registerMultipleDistricts(DistrictPage.java:109)
	at it.akademija.admin.TestDistrict.testRegisterMultipleDistrictsToDifferentCounties(TestDistrict.java:56)
	at sun.reflect.NativeMethodAccessorImpl.invoke0(Native Method)
	at sun.reflect.NativeMethodAccessorImpl.invoke(NativeMethodAccessorImpl.java:62)
	at sun.reflect.DelegatingMethodAccessorImpl.invoke(DelegatingMethodAccessorImpl.java:43)
	at java.lang.reflect.Method.invoke(Method.java:497)
	at org.testng.internal.MethodInvocationHelper.invokeMethod(MethodInvocationHelper.java:80)
	at org.testng.internal.Invoker.invokeMethod(Invoker.java:714)
	at org.testng.internal.Invoker.invokeTestMethod(Invoker.java:901)
	at org.testng.internal.Invoker.invokeTestMethods(Invoker.java:1231)
	at org.testng.internal.TestMethodWorker.invokeTestMethods(TestMethodWorker.java:127)
	at org.testng.internal.TestMethodWorker.run(TestMethodWorker.java:111)
	at org.testng.TestRunner.privateRun(TestRunner.java:767)
	at org.testng.TestRunner.run(TestRunner.java:617)
	at org.testng.SuiteRunner.runTest(SuiteRunner.java:334)
	at org.testng.SuiteRunner.access$000(SuiteRunner.java:37)
	at org.testng.SuiteRunner$SuiteWorker.run(SuiteRunner.java:368)
	at org.testng.internal.thread.ThreadUtil$2.call(ThreadUtil.java:64)
	at java.util.concurrent.FutureTask.run(FutureTask.java:266)
	at java.util.concurrent.ThreadPoolExecutor.runWorker(ThreadPoolExecutor.java:1142)
	at java.util.concurrent.ThreadPoolExecutor$Worker.run(ThreadPoolExecutor.java:617)
	at java.lang.Thread.run(Thread.java:745)
]]>
            </full-stacktrace>
          </exception> <!-- java.lang.AssertionError -->
          <reporter-output>
          </reporter-output>
        </test-method> <!-- testRegisterMultipleDistrictsToDifferentCounties -->
        <test-method status="FAIL" signature="testRegisterMultipleDistrictsToOneCounty(java.lang.String, java.lang.String, java.lang.String, java.lang.String)[pri:0, instance:it.akademija.admin.TestDistrict@2d6e8792]" name="testRegisterMultipleDistrictsToOneCounty" duration-ms="7091" started-at="2017-02-22T09:48:23Z" finished-at="2017-02-22T09:48:30Z">
          <params>
            <param index="0">
              <value>
                <![CDATA[src/test/resources/district-input.txt]]>
              </value>
            </param>
            <param index="1">
              <value>
                <![CDATA[src/test/resources/districtAddress-input.txt]]>
              </value>
            </param>
            <param index="2">
              <value>
                <![CDATA[src/test/resources/districtVoters-input.txt]]>
              </value>
            </param>
            <param index="3">
              <value>
                <![CDATA[Akmenėss]]>
              </value>
            </param>
          </params>
          <exception class="java.lang.AssertionError">
            <message>
              <![CDATA[expected [true] but found [false]]]>
            </message>
            <full-stacktrace>
              <![CDATA[java.lang.AssertionError: expected [true] but found [false]
	at org.testng.Assert.fail(Assert.java:94)
	at org.testng.Assert.failNotEquals(Assert.java:494)
	at org.testng.Assert.assertTrue(Assert.java:42)
	at org.testng.Assert.assertTrue(Assert.java:52)
	at it.akademija.admin.DistrictPage.registerMultipleDistricts(DistrictPage.java:109)
	at it.akademija.admin.TestDistrict.testRegisterMultipleDistrictsToOneCounty(TestDistrict.java:50)
	at sun.reflect.NativeMethodAccessorImpl.invoke0(Native Method)
	at sun.reflect.NativeMethodAccessorImpl.invoke(NativeMethodAccessorImpl.java:62)
	at sun.reflect.DelegatingMethodAccessorImpl.invoke(DelegatingMethodAccessorImpl.java:43)
	at java.lang.reflect.Method.invoke(Method.java:497)
	at org.testng.internal.MethodInvocationHelper.invokeMethod(MethodInvocationHelper.java:80)
	at org.testng.internal.Invoker.invokeMethod(Invoker.java:714)
	at org.testng.internal.Invoker.invokeTestMethod(Invoker.java:901)
	at org.testng.internal.Invoker.invokeTestMethods(Invoker.java:1231)
	at org.testng.internal.TestMethodWorker.invokeTestMethods(TestMethodWorker.java:127)
	at org.testng.internal.TestMethodWorker.run(TestMethodWorker.java:111)
	at org.testng.TestRunner.privateRun(TestRunner.java:767)
	at org.testng.TestRunner.run(TestRunner.java:617)
	at org.testng.SuiteRunner.runTest(SuiteRunner.java:334)
	at org.testng.SuiteRunner.access$000(SuiteRunner.java:37)
	at org.testng.SuiteRunner$SuiteWorker.run(SuiteRunner.java:368)
	at org.testng.internal.thread.ThreadUtil$2.call(ThreadUtil.java:64)
	at java.util.concurrent.FutureTask.run(FutureTask.java:266)
	at java.util.concurrent.ThreadPoolExecutor.runWorker(ThreadPoolExecutor.java:1142)
	at java.util.concurrent.ThreadPoolExecutor$Worker.run(ThreadPoolExecutor.java:617)
	at java.lang.Thread.run(Thread.java:745)
]]>
            </full-stacktrace>
          </exception> <!-- java.lang.AssertionError -->
          <reporter-output>
          </reporter-output>
        </test-method> <!-- testRegisterMultipleDistrictsToOneCounty -->
        <test-method status="FAIL" signature="testDeleteDistrict(java.lang.String)[pri:0, instance:it.akademija.admin.TestDistrict@2d6e8792]" name="testDeleteDistrict" duration-ms="162271" started-at="2017-02-22T09:48:30Z" finished-at="2017-02-22T09:51:12Z">
          <params>
            <param index="0">
              <value>
                <![CDATA[Rugiu]]>
              </value>
            </param>
          </params>
          <exception class="java.lang.NullPointerException">
            <full-stacktrace>
              <![CDATA[java.lang.NullPointerException
	at utilities.Utilities.findElementForDeletingAndEditing(Utilities.java:56)
	at it.akademija.admin.DistrictPage.deleteCounty(DistrictPage.java:125)
	at it.akademija.admin.TestDistrict.testDeleteDistrict(TestDistrict.java:69)
	at sun.reflect.NativeMethodAccessorImpl.invoke0(Native Method)
	at sun.reflect.NativeMethodAccessorImpl.invoke(NativeMethodAccessorImpl.java:62)
	at sun.reflect.DelegatingMethodAccessorImpl.invoke(DelegatingMethodAccessorImpl.java:43)
	at java.lang.reflect.Method.invoke(Method.java:497)
	at org.testng.internal.MethodInvocationHelper.invokeMethod(MethodInvocationHelper.java:80)
	at org.testng.internal.Invoker.invokeMethod(Invoker.java:714)
	at org.testng.internal.Invoker.invokeTestMethod(Invoker.java:901)
	at org.testng.internal.Invoker.invokeTestMethods(Invoker.java:1231)
	at org.testng.internal.TestMethodWorker.invokeTestMethods(TestMethodWorker.java:127)
	at org.testng.internal.TestMethodWorker.run(TestMethodWorker.java:111)
	at org.testng.TestRunner.privateRun(TestRunner.java:767)
	at org.testng.TestRunner.run(TestRunner.java:617)
	at org.testng.SuiteRunner.runTest(SuiteRunner.java:334)
	at org.testng.SuiteRunner.access$000(SuiteRunner.java:37)
	at org.testng.SuiteRunner$SuiteWorker.run(SuiteRunner.java:368)
	at org.testng.internal.thread.ThreadUtil$2.call(ThreadUtil.java:64)
	at java.util.concurrent.FutureTask.run(FutureTask.java:266)
	at java.util.concurrent.ThreadPoolExecutor.runWorker(ThreadPoolExecutor.java:1142)
	at java.util.concurrent.ThreadPoolExecutor$Worker.run(ThreadPoolExecutor.java:617)
	at java.lang.Thread.run(Thread.java:745)
]]>
            </full-stacktrace>
          </exception> <!-- java.lang.NullPointerException -->
          <reporter-output>
          </reporter-output>
        </test-method> <!-- testDeleteDistrict -->
        <test-method status="FAIL" signature="testEditDistrict(java.lang.String, java.lang.String, java.lang.String, java.lang.String, java.lang.String)[pri:0, instance:it.akademija.admin.TestDistrict@2d6e8792]" name="testEditDistrict" duration-ms="8" started-at="2017-02-22T09:51:12Z" finished-at="2017-02-22T09:51:12Z">
          <params>
            <param index="0">
              <value>
                <![CDATA[Jovaro]]>
              </value>
            </param>
            <param index="1">
              <value>
                <![CDATA[Jovarų]]>
              </value>
            </param>
            <param index="2">
              <value>
                <![CDATA[S. Stanevičiaus g. 100, Vilnius]]>
              </value>
            </param>
            <param index="3">
              <value>
                <![CDATA[2000]]>
              </value>
            </param>
            <param index="4">
              <value>
                <![CDATA[Akmenėss]]>
              </value>
            </param>
          </params>
          <exception class="org.openqa.selenium.NoSuchWindowException">
            <message>
              <![CDATA[no such window: target window already closed
from unknown error: web view not found
  (Session info: chrome=56.0.2924.87)
  (Driver info: chromedriver=2.27.440174 (e97a722caafc2d3a8b807ee115bfb307f7d2cfd9),platform=Windows NT 10.0.14393 x86_64) (WARNING: The server did not provide any stacktrace information)
Command duration or timeout: 6 milliseconds
Build info: version: '2.53.1', revision: 'a36b8b1cd5757287168e54b817830adce9b0158d', time: '2016-06-30 19:26:09'
System info: host: 'DESKTOP-O933604', ip: '192.168.1.233', os.name: 'Windows 10', os.arch: 'amd64', os.version: '10.0', java.version: '1.8.0_73'
Driver info: org.openqa.selenium.chrome.ChromeDriver
Capabilities [{applicationCacheEnabled=false, rotatable=false, mobileEmulationEnabled=false, networkConnectionEnabled=false, chrome={chromedriverVersion=2.27.440174 (e97a722caafc2d3a8b807ee115bfb307f7d2cfd9), userDataDir=C:\Users\User\AppData\Local\Temp\scoped_dir2856_17004}, takesHeapSnapshot=true, pageLoadStrategy=normal, databaseEnabled=false, handlesAlerts=true, hasTouchScreen=false, version=56.0.2924.87, platform=XP, browserConnectionEnabled=false, nativeEvents=true, acceptSslCerts=true, locationContextEnabled=true, webStorageEnabled=true, browserName=chrome, takesScreenshot=true, javascriptEnabled=true, cssSelectorsEnabled=true, unexpectedAlertBehaviour=}]
Session ID: 28d0e545671838fb85cf2df4f6d45b35
*** Element info: {Using=id, value=district-button}]]>
            </message>
            <full-stacktrace>
              <![CDATA[org.openqa.selenium.NoSuchWindowException: no such window: target window already closed
from unknown error: web view not found
  (Session info: chrome=56.0.2924.87)
  (Driver info: chromedriver=2.27.440174 (e97a722caafc2d3a8b807ee115bfb307f7d2cfd9),platform=Windows NT 10.0.14393 x86_64) (WARNING: The server did not provide any stacktrace information)
Command duration or timeout: 6 milliseconds
Build info: version: '2.53.1', revision: 'a36b8b1cd5757287168e54b817830adce9b0158d', time: '2016-06-30 19:26:09'
System info: host: 'DESKTOP-O933604', ip: '192.168.1.233', os.name: 'Windows 10', os.arch: 'amd64', os.version: '10.0', java.version: '1.8.0_73'
Driver info: org.openqa.selenium.chrome.ChromeDriver
Capabilities [{applicationCacheEnabled=false, rotatable=false, mobileEmulationEnabled=false, networkConnectionEnabled=false, chrome={chromedriverVersion=2.27.440174 (e97a722caafc2d3a8b807ee115bfb307f7d2cfd9), userDataDir=C:\Users\User\AppData\Local\Temp\scoped_dir2856_17004}, takesHeapSnapshot=true, pageLoadStrategy=normal, databaseEnabled=false, handlesAlerts=true, hasTouchScreen=false, version=56.0.2924.87, platform=XP, browserConnectionEnabled=false, nativeEvents=true, acceptSslCerts=true, locationContextEnabled=true, webStorageEnabled=true, browserName=chrome, takesScreenshot=true, javascriptEnabled=true, cssSelectorsEnabled=true, unexpectedAlertBehaviour=}]
Session ID: 28d0e545671838fb85cf2df4f6d45b35
*** Element info: {Using=id, value=district-button}
	at sun.reflect.NativeConstructorAccessorImpl.newInstance0(Native Method)
	at sun.reflect.NativeConstructorAccessorImpl.newInstance(NativeConstructorAccessorImpl.java:62)
	at sun.reflect.DelegatingConstructorAccessorImpl.newInstance(DelegatingConstructorAccessorImpl.java:45)
	at java.lang.reflect.Constructor.newInstance(Constructor.java:422)
	at org.openqa.selenium.remote.ErrorHandler.createThrowable(ErrorHandler.java:206)
	at org.openqa.selenium.remote.ErrorHandler.throwIfResponseFailed(ErrorHandler.java:158)
	at org.openqa.selenium.remote.RemoteWebDriver.execute(RemoteWebDriver.java:678)
	at org.openqa.selenium.remote.RemoteWebDriver.findElement(RemoteWebDriver.java:363)
	at org.openqa.selenium.remote.RemoteWebDriver.findElementById(RemoteWebDriver.java:413)
	at org.openqa.selenium.By$ById.findElement(By.java:218)
	at org.openqa.selenium.remote.RemoteWebDriver.findElement(RemoteWebDriver.java:355)
	at org.openqa.selenium.support.pagefactory.DefaultElementLocator.findElement(DefaultElementLocator.java:69)
	at org.openqa.selenium.support.pagefactory.internal.LocatingElementHandler.invoke(LocatingElementHandler.java:38)
	at com.sun.proxy.$Proxy6.click(Unknown Source)
	at utilities.Utilities.findElementForDeletingAndEditing(Utilities.java:52)
	at it.akademija.admin.DistrictPage.editDistrict(DistrictPage.java:114)
	at it.akademija.admin.TestDistrict.testEditDistrict(TestDistrict.java:62)
	at sun.reflect.NativeMethodAccessorImpl.invoke0(Native Method)
	at sun.reflect.NativeMethodAccessorImpl.invoke(NativeMethodAccessorImpl.java:62)
	at sun.reflect.DelegatingMethodAccessorImpl.invoke(DelegatingMethodAccessorImpl.java:43)
	at java.lang.reflect.Method.invoke(Method.java:497)
	at org.testng.internal.MethodInvocationHelper.invokeMethod(MethodInvocationHelper.java:80)
	at org.testng.internal.Invoker.invokeMethod(Invoker.java:714)
	at org.testng.internal.Invoker.invokeTestMethod(Invoker.java:901)
	at org.testng.internal.Invoker.invokeTestMethods(Invoker.java:1231)
	at org.testng.internal.TestMethodWorker.invokeTestMethods(TestMethodWorker.java:127)
	at org.testng.internal.TestMethodWorker.run(TestMethodWorker.java:111)
	at org.testng.TestRunner.privateRun(TestRunner.java:767)
	at org.testng.TestRunner.run(TestRunner.java:617)
	at org.testng.SuiteRunner.runTest(SuiteRunner.java:334)
	at org.testng.SuiteRunner.access$000(SuiteRunner.java:37)
	at org.testng.SuiteRunner$SuiteWorker.run(SuiteRunner.java:368)
	at org.testng.internal.thread.ThreadUtil$2.call(ThreadUtil.java:64)
	at java.util.concurrent.FutureTask.run(FutureTask.java:266)
	at java.util.concurrent.ThreadPoolExecutor.runWorker(ThreadPoolExecutor.java:1142)
	at java.util.concurrent.ThreadPoolExecutor$Worker.run(ThreadPoolExecutor.java:617)
	at java.lang.Thread.run(Thread.java:745)
]]>
            </full-stacktrace>
          </exception> <!-- org.openqa.selenium.NoSuchWindowException -->
          <reporter-output>
          </reporter-output>
        </test-method> <!-- testEditDistrict -->
        <test-method status="FAIL" signature="endingTestActivities()[pri:0, instance:it.akademija.admin.TestDistrict@2d6e8792]" name="endingTestActivities" is-config="true" duration-ms="0" started-at="2017-02-22T09:51:12Z" finished-at="2017-02-22T09:51:12Z">
          <exception class="org.openqa.selenium.WebDriverException">
            <message>
              <![CDATA[chrome not reachable
  (Session info: chrome=56.0.2924.87)
  (Driver info: chromedriver=2.27.440174 (e97a722caafc2d3a8b807ee115bfb307f7d2cfd9),platform=Windows NT 10.0.14393 x86_64) (WARNING: The server did not provide any stacktrace information)
Command duration or timeout: 2.02 seconds
Build info: version: '2.53.1', revision: 'a36b8b1cd5757287168e54b817830adce9b0158d', time: '2016-06-30 19:26:09'
System info: host: 'DESKTOP-O933604', ip: '192.168.1.233', os.name: 'Windows 10', os.arch: 'amd64', os.version: '10.0', java.version: '1.8.0_73'
Driver info: org.openqa.selenium.chrome.ChromeDriver
Capabilities [{applicationCacheEnabled=false, rotatable=false, mobileEmulationEnabled=false, networkConnectionEnabled=false, chrome={chromedriverVersion=2.27.440174 (e97a722caafc2d3a8b807ee115bfb307f7d2cfd9), userDataDir=C:\Users\User\AppData\Local\Temp\scoped_dir2856_17004}, takesHeapSnapshot=true, pageLoadStrategy=normal, databaseEnabled=false, handlesAlerts=true, hasTouchScreen=false, version=56.0.2924.87, platform=XP, browserConnectionEnabled=false, nativeEvents=true, acceptSslCerts=true, locationContextEnabled=true, webStorageEnabled=true, browserName=chrome, takesScreenshot=true, javascriptEnabled=true, cssSelectorsEnabled=true, unexpectedAlertBehaviour=}]
Session ID: 28d0e545671838fb85cf2df4f6d45b35]]>
            </message>
            <full-stacktrace>
              <![CDATA[org.openqa.selenium.WebDriverException: chrome not reachable
  (Session info: chrome=56.0.2924.87)
  (Driver info: chromedriver=2.27.440174 (e97a722caafc2d3a8b807ee115bfb307f7d2cfd9),platform=Windows NT 10.0.14393 x86_64) (WARNING: The server did not provide any stacktrace information)
Command duration or timeout: 2.02 seconds
Build info: version: '2.53.1', revision: 'a36b8b1cd5757287168e54b817830adce9b0158d', time: '2016-06-30 19:26:09'
System info: host: 'DESKTOP-O933604', ip: '192.168.1.233', os.name: 'Windows 10', os.arch: 'amd64', os.version: '10.0', java.version: '1.8.0_73'
Driver info: org.openqa.selenium.chrome.ChromeDriver
Capabilities [{applicationCacheEnabled=false, rotatable=false, mobileEmulationEnabled=false, networkConnectionEnabled=false, chrome={chromedriverVersion=2.27.440174 (e97a722caafc2d3a8b807ee115bfb307f7d2cfd9), userDataDir=C:\Users\User\AppData\Local\Temp\scoped_dir2856_17004}, takesHeapSnapshot=true, pageLoadStrategy=normal, databaseEnabled=false, handlesAlerts=true, hasTouchScreen=false, version=56.0.2924.87, platform=XP, browserConnectionEnabled=false, nativeEvents=true, acceptSslCerts=true, locationContextEnabled=true, webStorageEnabled=true, browserName=chrome, takesScreenshot=true, javascriptEnabled=true, cssSelectorsEnabled=true, unexpectedAlertBehaviour=}]
Session ID: 28d0e545671838fb85cf2df4f6d45b35
	at sun.reflect.NativeConstructorAccessorImpl.newInstance0(Native Method)
	at sun.reflect.NativeConstructorAccessorImpl.newInstance(NativeConstructorAccessorImpl.java:62)
	at sun.reflect.DelegatingConstructorAccessorImpl.newInstance(DelegatingConstructorAccessorImpl.java:45)
	at java.lang.reflect.Constructor.newInstance(Constructor.java:422)
	at org.openqa.selenium.remote.ErrorHandler.createThrowable(ErrorHandler.java:206)
	at org.openqa.selenium.remote.ErrorHandler.throwIfResponseFailed(ErrorHandler.java:158)
	at org.openqa.selenium.remote.RemoteWebDriver.execute(RemoteWebDriver.java:678)
	at org.openqa.selenium.remote.RemoteWebDriver.execute(RemoteWebDriver.java:701)
	at org.openqa.selenium.remote.RemoteWebDriver.close(RemoteWebDriver.java:521)
	at it.akademija.admin.VotingSystem.endingTestActivities(VotingSystem.java:103)
	at sun.reflect.NativeMethodAccessorImpl.invoke0(Native Method)
	at sun.reflect.NativeMethodAccessorImpl.invoke(NativeMethodAccessorImpl.java:62)
	at sun.reflect.DelegatingMethodAccessorImpl.invoke(DelegatingMethodAccessorImpl.java:43)
	at java.lang.reflect.Method.invoke(Method.java:497)
	at org.testng.internal.MethodInvocationHelper.invokeMethod(MethodInvocationHelper.java:80)
	at org.testng.internal.Invoker.invokeConfigurationMethod(Invoker.java:564)
	at org.testng.internal.Invoker.invokeConfigurations(Invoker.java:213)
	at org.testng.internal.Invoker.invokeConfigurations(Invoker.java:138)
	at org.testng.internal.TestMethodWorker.invokeAfterClassMethods(TestMethodWorker.java:225)
	at org.testng.internal.TestMethodWorker.run(TestMethodWorker.java:114)
	at org.testng.TestRunner.privateRun(TestRunner.java:767)
	at org.testng.TestRunner.run(TestRunner.java:617)
	at org.testng.SuiteRunner.runTest(SuiteRunner.java:334)
	at org.testng.SuiteRunner.access$000(SuiteRunner.java:37)
	at org.testng.SuiteRunner$SuiteWorker.run(SuiteRunner.java:368)
	at org.testng.internal.thread.ThreadUtil$2.call(ThreadUtil.java:64)
	at java.util.concurrent.FutureTask.run(FutureTask.java:266)
	at java.util.concurrent.ThreadPoolExecutor.runWorker(ThreadPoolExecutor.java:1142)
	at java.util.concurrent.ThreadPoolExecutor$Worker.run(ThreadPoolExecutor.java:617)
	at java.lang.Thread.run(Thread.java:745)
]]>
            </full-stacktrace>
          </exception> <!-- org.openqa.selenium.WebDriverException -->
          <reporter-output>
          </reporter-output>
        </test-method> <!-- endingTestActivities -->
      </class> <!-- it.akademija.admin.TestDistrict -->
      <class name="it.akademija.representative.TestSingleMember">
        <test-method status="SKIP" signature="settingUp(java.lang.String, java.lang.String, java.lang.String)[pri:0, instance:it.akademija.representative.TestSingleMember@880ec60]" name="settingUp" is-config="true" duration-ms="0" started-at="2017-02-22T09:51:14Z" finished-at="2017-02-22T09:51:14Z">
          <reporter-output>
          </reporter-output>
        </test-method> <!-- settingUp -->
        <test-method status="SKIP" signature="fillingSingleMemberResults()[pri:0, instance:it.akademija.representative.TestSingleMember@880ec60]" name="fillingSingleMemberResults" duration-ms="0" started-at="2017-02-22T09:51:14Z" finished-at="2017-02-22T09:51:14Z">
          <reporter-output>
          </reporter-output>
        </test-method> <!-- fillingSingleMemberResults -->
        <test-method status="SKIP" signature="endingTestActivities()[pri:0, instance:it.akademija.representative.TestSingleMember@880ec60]" name="endingTestActivities" is-config="true" duration-ms="0" started-at="2017-02-22T09:51:14Z" finished-at="2017-02-22T09:51:14Z">
          <reporter-output>
          </reporter-output>
        </test-method> <!-- endingTestActivities -->
      </class> <!-- it.akademija.representative.TestSingleMember -->
      <class name="it.akademija.admin.TestCounty">
        <test-method status="PASS" signature="settingUp(java.lang.String, java.lang.String, java.lang.String)[pri:0, instance:it.akademija.admin.TestCounty@506e6d5e]" name="settingUp" is-config="true" duration-ms="8155" started-at="2017-02-22T09:47:30Z" finished-at="2017-02-22T09:47:38Z">
          <params>
            <param index="0">
              <value>
                <![CDATA[http://localhost:9090]]>
              </value>
            </param>
            <param index="1">
              <value>
                <![CDATA[Chrome]]>
              </value>
            </param>
            <param index="2">
              <value>
                <![CDATA[http://localhost:9090/#/admin/]]>
              </value>
            </param>
          </params>
          <reporter-output>
          </reporter-output>
        </test-method> <!-- settingUp -->
        <test-method status="PASS" signature="testRegisterCounty(java.lang.String)[pri:0, instance:it.akademija.admin.TestCounty@506e6d5e]" name="testRegisterCounty" duration-ms="2553" started-at="2017-02-22T09:47:38Z" finished-at="2017-02-22T09:47:41Z">
          <params>
            <param index="0">
              <value>
                <![CDATA[Akmenes]]>
              </value>
            </param>
          </params>
          <reporter-output>
          </reporter-output>
        </test-method> <!-- testRegisterCounty -->
        <test-method status="FAIL" signature="testRegisterCounty(java.lang.String)[pri:0, instance:it.akademija.admin.TestCounty@506e6d5e]" name="testRegisterCounty" duration-ms="603" started-at="2017-02-22T09:47:41Z" finished-at="2017-02-22T09:47:42Z">
          <params>
            <param index="0">
              <value>
                <![CDATA[Akmenes]]>
              </value>
            </param>
          </params>
          <exception class="java.lang.AssertionError">
            <message>
              <![CDATA[expected [true] but found [false]]]>
            </message>
            <full-stacktrace>
              <![CDATA[java.lang.AssertionError: expected [true] but found [false]
	at org.testng.Assert.fail(Assert.java:94)
	at org.testng.Assert.failNotEquals(Assert.java:494)
	at org.testng.Assert.assertTrue(Assert.java:42)
	at org.testng.Assert.assertTrue(Assert.java:52)
	at it.akademija.admin.TestCounty.testRegisterCounty(TestCounty.java:31)
	at sun.reflect.NativeMethodAccessorImpl.invoke0(Native Method)
	at sun.reflect.NativeMethodAccessorImpl.invoke(NativeMethodAccessorImpl.java:62)
	at sun.reflect.DelegatingMethodAccessorImpl.invoke(DelegatingMethodAccessorImpl.java:43)
	at java.lang.reflect.Method.invoke(Method.java:497)
	at org.testng.internal.MethodInvocationHelper.invokeMethod(MethodInvocationHelper.java:80)
	at org.testng.internal.Invoker.invokeMethod(Invoker.java:714)
	at org.testng.internal.Invoker.invokeTestMethod(Invoker.java:901)
	at org.testng.internal.Invoker.invokeTestMethods(Invoker.java:1231)
	at org.testng.internal.TestMethodWorker.invokeTestMethods(TestMethodWorker.java:127)
	at org.testng.internal.TestMethodWorker.run(TestMethodWorker.java:111)
	at org.testng.TestRunner.privateRun(TestRunner.java:767)
	at org.testng.TestRunner.run(TestRunner.java:617)
	at org.testng.SuiteRunner.runTest(SuiteRunner.java:334)
	at org.testng.SuiteRunner.access$000(SuiteRunner.java:37)
	at org.testng.SuiteRunner$SuiteWorker.run(SuiteRunner.java:368)
	at org.testng.internal.thread.ThreadUtil$2.call(ThreadUtil.java:64)
	at java.util.concurrent.FutureTask.run(FutureTask.java:266)
	at java.util.concurrent.ThreadPoolExecutor.runWorker(ThreadPoolExecutor.java:1142)
	at java.util.concurrent.ThreadPoolExecutor$Worker.run(ThreadPoolExecutor.java:617)
	at java.lang.Thread.run(Thread.java:745)
]]>
            </full-stacktrace>
          </exception> <!-- java.lang.AssertionError -->
          <reporter-output>
          </reporter-output>
        </test-method> <!-- testRegisterCounty -->
        <test-method status="PASS" signature="testRegisterMultipleCounties(java.lang.String)[pri:0, instance:it.akademija.admin.TestCounty@506e6d5e]" name="testRegisterMultipleCounties" duration-ms="3762" started-at="2017-02-22T09:47:42Z" finished-at="2017-02-22T09:47:45Z">
          <params>
            <param index="0">
              <value>
                <![CDATA[src/test/resources/county-input.txt]]>
              </value>
            </param>
          </params>
          <reporter-output>
          </reporter-output>
        </test-method> <!-- testRegisterMultipleCounties -->
        <test-method status="FAIL" signature="testEditCounty(java.lang.String, java.lang.String)[pri:0, instance:it.akademija.admin.TestCounty@506e6d5e]" name="testEditCounty" duration-ms="1748" started-at="2017-02-22T09:47:45Z" finished-at="2017-02-22T09:47:47Z">
          <params>
            <param index="0">
              <value>
                <![CDATA[Akmenes]]>
              </value>
            </param>
            <param index="1">
              <value>
                <![CDATA[Akmenėss]]>
              </value>
            </param>
          </params>
          <exception class="java.lang.AssertionError">
            <message>
              <![CDATA[expected [true] but found [false]]]>
            </message>
            <full-stacktrace>
              <![CDATA[java.lang.AssertionError: expected [true] but found [false]
	at org.testng.Assert.fail(Assert.java:94)
	at org.testng.Assert.failNotEquals(Assert.java:494)
	at org.testng.Assert.assertTrue(Assert.java:42)
	at org.testng.Assert.assertTrue(Assert.java:52)
	at it.akademija.admin.TestCounty.testEditCounty(TestCounty.java:48)
	at sun.reflect.NativeMethodAccessorImpl.invoke0(Native Method)
	at sun.reflect.NativeMethodAccessorImpl.invoke(NativeMethodAccessorImpl.java:62)
	at sun.reflect.DelegatingMethodAccessorImpl.invoke(DelegatingMethodAccessorImpl.java:43)
	at java.lang.reflect.Method.invoke(Method.java:497)
	at org.testng.internal.MethodInvocationHelper.invokeMethod(MethodInvocationHelper.java:80)
	at org.testng.internal.Invoker.invokeMethod(Invoker.java:714)
	at org.testng.internal.Invoker.invokeTestMethod(Invoker.java:901)
	at org.testng.internal.Invoker.invokeTestMethods(Invoker.java:1231)
	at org.testng.internal.TestMethodWorker.invokeTestMethods(TestMethodWorker.java:127)
	at org.testng.internal.TestMethodWorker.run(TestMethodWorker.java:111)
	at org.testng.TestRunner.privateRun(TestRunner.java:767)
	at org.testng.TestRunner.run(TestRunner.java:617)
	at org.testng.SuiteRunner.runTest(SuiteRunner.java:334)
	at org.testng.SuiteRunner.access$000(SuiteRunner.java:37)
	at org.testng.SuiteRunner$SuiteWorker.run(SuiteRunner.java:368)
	at org.testng.internal.thread.ThreadUtil$2.call(ThreadUtil.java:64)
	at java.util.concurrent.FutureTask.run(FutureTask.java:266)
	at java.util.concurrent.ThreadPoolExecutor.runWorker(ThreadPoolExecutor.java:1142)
	at java.util.concurrent.ThreadPoolExecutor$Worker.run(ThreadPoolExecutor.java:617)
	at java.lang.Thread.run(Thread.java:745)
]]>
            </full-stacktrace>
          </exception> <!-- java.lang.AssertionError -->
          <reporter-output>
          </reporter-output>
        </test-method> <!-- testEditCounty -->
        <test-method status="FAIL" signature="testAddCandidatesList(java.lang.String, java.lang.String)[pri:0, instance:it.akademija.admin.TestCounty@506e6d5e]" name="testAddCandidatesList" duration-ms="1430" started-at="2017-02-22T09:47:47Z" finished-at="2017-02-22T09:47:49Z">
          <params>
            <param index="0">
              <value>
                <![CDATA[Akmenėss]]>
              </value>
            </param>
            <param index="1">
              <value>
                <![CDATA[data-county.csv]]>
              </value>
            </param>
          </params>
          <exception class="java.lang.AssertionError">
            <message>
              <![CDATA[expected [true] but found [false]]]>
            </message>
            <full-stacktrace>
              <![CDATA[java.lang.AssertionError: expected [true] but found [false]
	at org.testng.Assert.fail(Assert.java:94)
	at org.testng.Assert.failNotEquals(Assert.java:494)
	at org.testng.Assert.assertTrue(Assert.java:42)
	at org.testng.Assert.assertTrue(Assert.java:52)
	at it.akademija.admin.CountyPage.addCandidatesList(CountyPage.java:86)
	at it.akademija.admin.TestCounty.testAddCandidatesList(TestCounty.java:55)
	at sun.reflect.NativeMethodAccessorImpl.invoke0(Native Method)
	at sun.reflect.NativeMethodAccessorImpl.invoke(NativeMethodAccessorImpl.java:62)
	at sun.reflect.DelegatingMethodAccessorImpl.invoke(DelegatingMethodAccessorImpl.java:43)
	at java.lang.reflect.Method.invoke(Method.java:497)
	at org.testng.internal.MethodInvocationHelper.invokeMethod(MethodInvocationHelper.java:80)
	at org.testng.internal.Invoker.invokeMethod(Invoker.java:714)
	at org.testng.internal.Invoker.invokeTestMethod(Invoker.java:901)
	at org.testng.internal.Invoker.invokeTestMethods(Invoker.java:1231)
	at org.testng.internal.TestMethodWorker.invokeTestMethods(TestMethodWorker.java:127)
	at org.testng.internal.TestMethodWorker.run(TestMethodWorker.java:111)
	at org.testng.TestRunner.privateRun(TestRunner.java:767)
	at org.testng.TestRunner.run(TestRunner.java:617)
	at org.testng.SuiteRunner.runTest(SuiteRunner.java:334)
	at org.testng.SuiteRunner.access$000(SuiteRunner.java:37)
	at org.testng.SuiteRunner$SuiteWorker.run(SuiteRunner.java:368)
	at org.testng.internal.thread.ThreadUtil$2.call(ThreadUtil.java:64)
	at java.util.concurrent.FutureTask.run(FutureTask.java:266)
	at java.util.concurrent.ThreadPoolExecutor.runWorker(ThreadPoolExecutor.java:1142)
	at java.util.concurrent.ThreadPoolExecutor$Worker.run(ThreadPoolExecutor.java:617)
	at java.lang.Thread.run(Thread.java:745)
]]>
            </full-stacktrace>
          </exception> <!-- java.lang.AssertionError -->
          <reporter-output>
          </reporter-output>
        </test-method> <!-- testAddCandidatesList -->
        <test-method status="PASS" signature="endingTestActivities()[pri:0, instance:it.akademija.admin.TestCounty@506e6d5e]" name="endingTestActivities" is-config="true" duration-ms="150" started-at="2017-02-22T09:47:49Z" finished-at="2017-02-22T09:47:49Z">
          <reporter-output>
          </reporter-output>
        </test-method> <!-- endingTestActivities -->
      </class> <!-- it.akademija.admin.TestCounty -->
      <class name="it.akademija.admin.TestCandidates">
        <test-method status="SKIP" signature="settingUp(java.lang.String, java.lang.String, java.lang.String)[pri:0, instance:it.akademija.admin.TestCandidates@17f6480]" name="settingUp" is-config="true" duration-ms="0" started-at="2017-02-22T09:51:14Z" finished-at="2017-02-22T09:51:14Z">
          <reporter-output>
          </reporter-output>
        </test-method> <!-- settingUp -->
        <test-method status="SKIP" signature="testEditNameAndSurname(java.lang.String, java.lang.String, java.lang.String, java.lang.String, java.lang.String, java.lang.String, java.lang.String, java.lang.String, java.lang.String)[pri:0, instance:it.akademija.admin.TestCandidates@17f6480]" name="testEditNameAndSurname" duration-ms="1" started-at="2017-02-22T09:51:14Z" finished-at="2017-02-22T09:51:14Z">
          <params>
            <param index="0">
              <value>
                <![CDATA[Mantas]]>
              </value>
            </param>
            <param index="1">
              <value>
                <![CDATA[Mantauskas]]>
              </value>
            </param>
            <param index="2">
              <value>
                <![CDATA[1966-06-06]]>
              </value>
            </param>
            <param index="3">
              <value>
                <![CDATA[Zuokucio partija]]>
              </value>
            </param>
            <param index="4">
              <value>
                <![CDATA[Algis]]>
              </value>
            </param>
            <param index="5">
              <value>
                <![CDATA[Kurinskis]]>
              </value>
            </param>
            <param index="6">
              <value>
                <![CDATA[1959-06-15]]>
              </value>
            </param>
            <param index="7">
              <value>
                <![CDATA[Socialdemokratas]]>
              </value>
            </param>
            <param index="8">
              <value>
                <![CDATA[37]]>
              </value>
            </param>
          </params>
          <reporter-output>
          </reporter-output>
        </test-method> <!-- testEditNameAndSurname -->
        <test-method status="SKIP" signature="endingTestActivities()[pri:0, instance:it.akademija.admin.TestCandidates@17f6480]" name="endingTestActivities" is-config="true" duration-ms="0" started-at="2017-02-22T09:51:14Z" finished-at="2017-02-22T09:51:14Z">
          <reporter-output>
          </reporter-output>
        </test-method> <!-- endingTestActivities -->
      </class> <!-- it.akademija.admin.TestCandidates -->
      <class name="it.akademija.admin.TestLoginAdministrator">
        <test-method status="PASS" signature="settingUp(java.lang.String, java.lang.String, java.lang.String)[pri:0, instance:it.akademija.admin.TestLoginAdministrator@96532d6]" name="settingUp" is-config="true" duration-ms="6635" started-at="2017-02-22T09:47:10Z" finished-at="2017-02-22T09:47:17Z">
          <params>
            <param index="0">
              <value>
                <![CDATA[http://localhost:9090]]>
              </value>
            </param>
            <param index="1">
              <value>
                <![CDATA[Chrome]]>
              </value>
            </param>
            <param index="2">
              <value>
                <![CDATA[http://localhost:9090/#/admin/]]>
              </value>
            </param>
          </params>
          <reporter-output>
          </reporter-output>
        </test-method> <!-- settingUp -->
        <test-method status="FAIL" signature="wrongAdministratorLogin(java.lang.String, java.lang.String)[pri:0, instance:it.akademija.admin.TestLoginAdministrator@96532d6]" name="wrongAdministratorLogin" duration-ms="3089" started-at="2017-02-22T09:47:17Z" finished-at="2017-02-22T09:47:20Z">
          <params>
            <param index="0">
              <value>
                <![CDATA[admin]]>
              </value>
            </param>
            <param index="1">
              <value>
                <![CDATA[1234]]>
              </value>
            </param>
          </params>
          <exception class="java.lang.AssertionError">
            <message>
              <![CDATA[expected [true] but found [false]]]>
            </message>
            <full-stacktrace>
              <![CDATA[java.lang.AssertionError: expected [true] but found [false]
	at org.testng.Assert.fail(Assert.java:94)
	at org.testng.Assert.failNotEquals(Assert.java:494)
	at org.testng.Assert.assertTrue(Assert.java:42)
	at org.testng.Assert.assertTrue(Assert.java:52)
	at it.akademija.admin.TestLoginAdministrator.wrongAdministratorLogin(TestLoginAdministrator.java:16)
	at sun.reflect.NativeMethodAccessorImpl.invoke0(Native Method)
	at sun.reflect.NativeMethodAccessorImpl.invoke(NativeMethodAccessorImpl.java:62)
	at sun.reflect.DelegatingMethodAccessorImpl.invoke(DelegatingMethodAccessorImpl.java:43)
	at java.lang.reflect.Method.invoke(Method.java:497)
	at org.testng.internal.MethodInvocationHelper.invokeMethod(MethodInvocationHelper.java:80)
	at org.testng.internal.Invoker.invokeMethod(Invoker.java:714)
	at org.testng.internal.Invoker.invokeTestMethod(Invoker.java:901)
	at org.testng.internal.Invoker.invokeTestMethods(Invoker.java:1231)
	at org.testng.internal.TestMethodWorker.invokeTestMethods(TestMethodWorker.java:127)
	at org.testng.internal.TestMethodWorker.run(TestMethodWorker.java:111)
	at org.testng.TestRunner.privateRun(TestRunner.java:767)
	at org.testng.TestRunner.run(TestRunner.java:617)
	at org.testng.SuiteRunner.runTest(SuiteRunner.java:334)
	at org.testng.SuiteRunner.access$000(SuiteRunner.java:37)
	at org.testng.SuiteRunner$SuiteWorker.run(SuiteRunner.java:368)
	at org.testng.internal.thread.ThreadUtil$2.call(ThreadUtil.java:64)
	at java.util.concurrent.FutureTask.run(FutureTask.java:266)
	at java.util.concurrent.ThreadPoolExecutor.runWorker(ThreadPoolExecutor.java:1142)
	at java.util.concurrent.ThreadPoolExecutor$Worker.run(ThreadPoolExecutor.java:617)
	at java.lang.Thread.run(Thread.java:745)
]]>
            </full-stacktrace>
          </exception> <!-- java.lang.AssertionError -->
          <reporter-output>
          </reporter-output>
        </test-method> <!-- wrongAdministratorLogin -->
        <test-method status="FAIL" signature="testLoginAdministrator(java.lang.String, java.lang.String)[pri:0, instance:it.akademija.admin.TestLoginAdministrator@96532d6]" name="testLoginAdministrator" duration-ms="10385" started-at="2017-02-22T09:47:20Z" finished-at="2017-02-22T09:47:30Z">
          <params>
            <param index="0">
              <value>
                <![CDATA[admin]]>
              </value>
            </param>
            <param index="1">
              <value>
                <![CDATA[admin]]>
              </value>
            </param>
          </params>
          <exception class="org.openqa.selenium.NoSuchElementException">
            <message>
              <![CDATA[no such element: Unable to locate element: {"method":"partial link text","selector":"RinkimÅ³ Sistema"}
  (Session info: chrome=56.0.2924.87)
  (Driver info: chromedriver=2.27.440174 (e97a722caafc2d3a8b807ee115bfb307f7d2cfd9),platform=Windows NT 10.0.14393 x86_64) (WARNING: The server did not provide any stacktrace information)
Command duration or timeout: 10.06 seconds
For documentation on this error, please visit: http://seleniumhq.org/exceptions/no_such_element.html
Build info: version: '2.53.1', revision: 'a36b8b1cd5757287168e54b817830adce9b0158d', time: '2016-06-30 19:26:09'
System info: host: 'DESKTOP-O933604', ip: '192.168.1.233', os.name: 'Windows 10', os.arch: 'amd64', os.version: '10.0', java.version: '1.8.0_73'
Driver info: org.openqa.selenium.chrome.ChromeDriver
Capabilities [{applicationCacheEnabled=false, rotatable=false, mobileEmulationEnabled=false, networkConnectionEnabled=false, chrome={chromedriverVersion=2.27.440174 (e97a722caafc2d3a8b807ee115bfb307f7d2cfd9), userDataDir=C:\Users\User\AppData\Local\Temp\scoped_dir13544_24145}, takesHeapSnapshot=true, pageLoadStrategy=normal, databaseEnabled=false, handlesAlerts=true, hasTouchScreen=false, version=56.0.2924.87, platform=XP, browserConnectionEnabled=false, nativeEvents=true, acceptSslCerts=true, locationContextEnabled=true, webStorageEnabled=true, browserName=chrome, takesScreenshot=true, javascriptEnabled=true, cssSelectorsEnabled=true, unexpectedAlertBehaviour=}]
Session ID: 3fb84d3259e3278ecee2b1778d59d7a0
*** Element info: {Using=partial link text, value=RinkimÅ³ Sistema}]]>
            </message>
            <full-stacktrace>
              <![CDATA[org.openqa.selenium.NoSuchElementException: no such element: Unable to locate element: {"method":"partial link text","selector":"RinkimÅ³ Sistema"}
  (Session info: chrome=56.0.2924.87)
  (Driver info: chromedriver=2.27.440174 (e97a722caafc2d3a8b807ee115bfb307f7d2cfd9),platform=Windows NT 10.0.14393 x86_64) (WARNING: The server did not provide any stacktrace information)
Command duration or timeout: 10.06 seconds
For documentation on this error, please visit: http://seleniumhq.org/exceptions/no_such_element.html
Build info: version: '2.53.1', revision: 'a36b8b1cd5757287168e54b817830adce9b0158d', time: '2016-06-30 19:26:09'
System info: host: 'DESKTOP-O933604', ip: '192.168.1.233', os.name: 'Windows 10', os.arch: 'amd64', os.version: '10.0', java.version: '1.8.0_73'
Driver info: org.openqa.selenium.chrome.ChromeDriver
Capabilities [{applicationCacheEnabled=false, rotatable=false, mobileEmulationEnabled=false, networkConnectionEnabled=false, chrome={chromedriverVersion=2.27.440174 (e97a722caafc2d3a8b807ee115bfb307f7d2cfd9), userDataDir=C:\Users\User\AppData\Local\Temp\scoped_dir13544_24145}, takesHeapSnapshot=true, pageLoadStrategy=normal, databaseEnabled=false, handlesAlerts=true, hasTouchScreen=false, version=56.0.2924.87, platform=XP, browserConnectionEnabled=false, nativeEvents=true, acceptSslCerts=true, locationContextEnabled=true, webStorageEnabled=true, browserName=chrome, takesScreenshot=true, javascriptEnabled=true, cssSelectorsEnabled=true, unexpectedAlertBehaviour=}]
Session ID: 3fb84d3259e3278ecee2b1778d59d7a0
*** Element info: {Using=partial link text, value=RinkimÅ³ Sistema}
	at sun.reflect.NativeConstructorAccessorImpl.newInstance0(Native Method)
	at sun.reflect.NativeConstructorAccessorImpl.newInstance(NativeConstructorAccessorImpl.java:62)
	at sun.reflect.DelegatingConstructorAccessorImpl.newInstance(DelegatingConstructorAccessorImpl.java:45)
	at java.lang.reflect.Constructor.newInstance(Constructor.java:422)
	at org.openqa.selenium.remote.ErrorHandler.createThrowable(ErrorHandler.java:206)
	at org.openqa.selenium.remote.ErrorHandler.throwIfResponseFailed(ErrorHandler.java:158)
	at org.openqa.selenium.remote.RemoteWebDriver.execute(RemoteWebDriver.java:678)
	at org.openqa.selenium.remote.RemoteWebDriver.findElement(RemoteWebDriver.java:363)
	at org.openqa.selenium.remote.RemoteWebDriver.findElementByPartialLinkText(RemoteWebDriver.java:436)
	at org.openqa.selenium.By$ByPartialLinkText.findElement(By.java:273)
	at org.openqa.selenium.remote.RemoteWebDriver.findElement(RemoteWebDriver.java:355)
	at org.openqa.selenium.support.pagefactory.DefaultElementLocator.findElement(DefaultElementLocator.java:69)
	at org.openqa.selenium.support.pagefactory.internal.LocatingElementHandler.invoke(LocatingElementHandler.java:38)
	at com.sun.proxy.$Proxy6.isDisplayed(Unknown Source)
	at it.akademija.admin.TestLoginAdministrator.testLoginAdministrator(TestLoginAdministrator.java:27)
	at sun.reflect.NativeMethodAccessorImpl.invoke0(Native Method)
	at sun.reflect.NativeMethodAccessorImpl.invoke(NativeMethodAccessorImpl.java:62)
	at sun.reflect.DelegatingMethodAccessorImpl.invoke(DelegatingMethodAccessorImpl.java:43)
	at java.lang.reflect.Method.invoke(Method.java:497)
	at org.testng.internal.MethodInvocationHelper.invokeMethod(MethodInvocationHelper.java:80)
	at org.testng.internal.Invoker.invokeMethod(Invoker.java:714)
	at org.testng.internal.Invoker.invokeTestMethod(Invoker.java:901)
	at org.testng.internal.Invoker.invokeTestMethods(Invoker.java:1231)
	at org.testng.internal.TestMethodWorker.invokeTestMethods(TestMethodWorker.java:127)
	at org.testng.internal.TestMethodWorker.run(TestMethodWorker.java:111)
	at org.testng.TestRunner.privateRun(TestRunner.java:767)
	at org.testng.TestRunner.run(TestRunner.java:617)
	at org.testng.SuiteRunner.runTest(SuiteRunner.java:334)
	at org.testng.SuiteRunner.access$000(SuiteRunner.java:37)
	at org.testng.SuiteRunner$SuiteWorker.run(SuiteRunner.java:368)
	at org.testng.internal.thread.ThreadUtil$2.call(ThreadUtil.java:64)
	at java.util.concurrent.FutureTask.run(FutureTask.java:266)
	at java.util.concurrent.ThreadPoolExecutor.runWorker(ThreadPoolExecutor.java:1142)
	at java.util.concurrent.ThreadPoolExecutor$Worker.run(ThreadPoolExecutor.java:617)
	at java.lang.Thread.run(Thread.java:745)
]]>
            </full-stacktrace>
          </exception> <!-- org.openqa.selenium.NoSuchElementException -->
          <reporter-output>
          </reporter-output>
        </test-method> <!-- testLoginAdministrator -->
        <test-method status="SKIP" signature="logoutAdministrator()[pri:0, instance:it.akademija.admin.TestLoginAdministrator@96532d6]" name="logoutAdministrator" duration-ms="1" started-at="2017-02-22T09:51:14Z" finished-at="2017-02-22T09:51:14Z">
          <reporter-output>
          </reporter-output>
        </test-method> <!-- logoutAdministrator -->
        <test-method status="SKIP" signature="endingTestActivities()[pri:0, instance:it.akademija.admin.TestLoginAdministrator@96532d6]" name="endingTestActivities" is-config="true" duration-ms="0" started-at="2017-02-22T09:51:14Z" finished-at="2017-02-22T09:51:14Z">
          <reporter-output>
          </reporter-output>
        </test-method> <!-- endingTestActivities -->
      </class> <!-- it.akademija.admin.TestLoginAdministrator -->
      <class name="it.akademija.admin.TestRepresentative">
        <test-method status="SKIP" signature="settingUp(java.lang.String, java.lang.String, java.lang.String)[pri:0, instance:it.akademija.admin.TestRepresentative@2812cbfa]" name="settingUp" is-config="true" duration-ms="0" started-at="2017-02-22T09:51:14Z" finished-at="2017-02-22T09:51:14Z">
          <reporter-output>
          </reporter-output>
        </test-method> <!-- settingUp -->
        <test-method status="SKIP" signature="testRegisterMultipleRepresentatives(java.lang.String, java.lang.String, java.lang.String)[pri:0, instance:it.akademija.admin.TestRepresentative@2812cbfa]" name="testRegisterMultipleRepresentatives" duration-ms="0" started-at="2017-02-22T09:51:14Z" finished-at="2017-02-22T09:51:14Z">
          <params>
            <param index="0">
              <value>
                <![CDATA[src/test/resources/representativeNames-input.txt]]>
              </value>
            </param>
            <param index="1">
              <value>
                <![CDATA[src/test/resources/representativeSurnames-input.txt]]>
              </value>
            </param>
            <param index="2">
              <value>
                <![CDATA[src/test/resources/variousDistricts-input.txt]]>
              </value>
            </param>
          </params>
          <reporter-output>
          </reporter-output>
        </test-method> <!-- testRegisterMultipleRepresentatives -->
        <test-method status="SKIP" signature="endingTestActivities()[pri:0, instance:it.akademija.admin.TestRepresentative@2812cbfa]" name="endingTestActivities" is-config="true" duration-ms="0" started-at="2017-02-22T09:51:14Z" finished-at="2017-02-22T09:51:14Z">
          <reporter-output>
          </reporter-output>
        </test-method> <!-- endingTestActivities -->
        <test-method status="SKIP" signature="testRegisterSingleRepresentative(java.lang.String, java.lang.String, java.lang.String)[pri:0, instance:it.akademija.admin.TestRepresentative@2812cbfa]" name="testRegisterSingleRepresentative" duration-ms="0" started-at="2017-02-22T09:51:14Z" finished-at="2017-02-22T09:51:14Z">
          <params>
            <param index="0">
              <value>
                <![CDATA[Birutė]]>
              </value>
            </param>
            <param index="1">
              <value>
                <![CDATA[Stolytė]]>
              </value>
            </param>
            <param index="2">
              <value>
                <![CDATA[Fabijoniskiu]]>
              </value>
            </param>
          </params>
          <reporter-output>
          </reporter-output>
        </test-method> <!-- testRegisterSingleRepresentative -->
      </class> <!-- it.akademija.admin.TestRepresentative -->
      <class name="it.akademija.representative.TestMultiMember">
        <test-method status="SKIP" signature="settingUp(java.lang.String, java.lang.String, java.lang.String)[pri:0, instance:it.akademija.representative.TestMultiMember@2acf57e3]" name="settingUp" is-config="true" duration-ms="0" started-at="2017-02-22T09:51:14Z" finished-at="2017-02-22T09:51:14Z">
          <reporter-output>
          </reporter-output>
        </test-method> <!-- settingUp -->
        <test-method status="SKIP" signature="endingTestActivities()[pri:0, instance:it.akademija.representative.TestMultiMember@2acf57e3]" name="endingTestActivities" is-config="true" duration-ms="0" started-at="2017-02-22T09:51:14Z" finished-at="2017-02-22T09:51:14Z">
          <reporter-output>
          </reporter-output>
        </test-method> <!-- endingTestActivities -->
        <test-method status="SKIP" signature="fillingMultiMemberResults()[pri:0, instance:it.akademija.representative.TestMultiMember@2acf57e3]" name="fillingMultiMemberResults" duration-ms="0" started-at="2017-02-22T09:51:14Z" finished-at="2017-02-22T09:51:14Z">
          <reporter-output>
          </reporter-output>
        </test-method> <!-- fillingMultiMemberResults -->
      </class> <!-- it.akademija.representative.TestMultiMember -->
      <class name="it.akademija.admin.TestParty">
        <test-method status="SKIP" signature="settingUp(java.lang.String, java.lang.String, java.lang.String)[pri:0, instance:it.akademija.admin.TestParty@6fadae5d]" name="settingUp" is-config="true" duration-ms="0" started-at="2017-02-22T09:51:14Z" finished-at="2017-02-22T09:51:14Z">
          <reporter-output>
          </reporter-output>
        </test-method> <!-- settingUp -->
        <test-method status="SKIP" signature="testRegisterParty(java.lang.String, java.lang.String, java.lang.String)[pri:0, instance:it.akademija.admin.TestParty@6fadae5d]" name="testRegisterParty" duration-ms="0" started-at="2017-02-22T09:51:14Z" finished-at="2017-02-22T09:51:14Z">
          <params>
            <param index="0">
              <value>
                <![CDATA[Zuokuciooo partija]]>
              </value>
            </param>
            <param index="1">
              <value>
                <![CDATA[56]]>
              </value>
            </param>
            <param index="2">
              <value>
                <![CDATA[data-party-3.csv]]>
              </value>
            </param>
          </params>
          <reporter-output>
          </reporter-output>
        </test-method> <!-- testRegisterParty -->
        <test-method status="SKIP" signature="testRegisterParty(java.lang.String, java.lang.String, java.lang.String)[pri:0, instance:it.akademija.admin.TestParty@6fadae5d]" name="testRegisterParty" duration-ms="0" started-at="2017-02-22T09:51:14Z" finished-at="2017-02-22T09:51:14Z">
          <params>
            <param index="0">
              <value>
                <![CDATA[Zuokuciooo partija]]>
              </value>
            </param>
            <param index="1">
              <value>
                <![CDATA[56]]>
              </value>
            </param>
            <param index="2">
              <value>
                <![CDATA[data-party-3.csv]]>
              </value>
            </param>
          </params>
          <reporter-output>
          </reporter-output>
        </test-method> <!-- testRegisterParty -->
        <test-method status="SKIP" signature="testRegisterPartyWithoutFile(java.lang.String, java.lang.String, java.lang.String)[pri:0, instance:it.akademija.admin.TestParty@6fadae5d]" name="testRegisterPartyWithoutFile" duration-ms="0" started-at="2017-02-22T09:51:14Z" finished-at="2017-02-22T09:51:14Z">
          <params>
            <param index="0">
              <value>
                <![CDATA[Bruzgesss partija]]>
              </value>
            </param>
            <param index="1">
              <value>
                <![CDATA[442]]>
              </value>
            </param>
            <param index="2">
              <value>
                <![CDATA[]]>
              </value>
            </param>
          </params>
          <reporter-output>
          </reporter-output>
        </test-method> <!-- testRegisterPartyWithoutFile -->
        <test-method status="SKIP" signature="testRegisterPartyWithOtherFile(java.lang.String, java.lang.String, java.lang.String)[pri:0, instance:it.akademija.admin.TestParty@6fadae5d]" name="testRegisterPartyWithOtherFile" duration-ms="0" started-at="2017-02-22T09:51:14Z" finished-at="2017-02-22T09:51:14Z">
          <params>
            <param index="0">
              <value>
                <![CDATA[Bruzgesss partija]]>
              </value>
            </param>
            <param index="1">
              <value>
                <![CDATA[442]]>
              </value>
            </param>
            <param index="2">
              <value>
                <![CDATA[data-party-not-csv.txt]]>
              </value>
            </param>
          </params>
          <reporter-output>
          </reporter-output>
        </test-method> <!-- testRegisterPartyWithOtherFile -->
        <test-method status="SKIP" signature="testRegisterParty2(java.lang.String, java.lang.String, java.lang.String)[pri:0, instance:it.akademija.admin.TestParty@6fadae5d]" name="testRegisterParty2" duration-ms="0" started-at="2017-02-22T09:51:14Z" finished-at="2017-02-22T09:51:14Z">
          <params>
            <param index="0">
              <value>
                <![CDATA[Bruzgesss partija]]>
              </value>
            </param>
            <param index="1">
              <value>
                <![CDATA[442]]>
              </value>
            </param>
            <param index="2">
              <value>
                <![CDATA[data-party-3.csv]]>
              </value>
            </param>
          </params>
          <reporter-output>
          </reporter-output>
        </test-method> <!-- testRegisterParty2 -->
        <test-method status="SKIP" signature="testDeleteCandidates(java.lang.String)[pri:0, instance:it.akademija.admin.TestParty@6fadae5d]" name="testDeleteCandidates" duration-ms="0" started-at="2017-02-22T09:51:14Z" finished-at="2017-02-22T09:51:14Z">
          <params>
            <param index="0">
              <value>
                <![CDATA[Bruzgesss partija]]>
              </value>
            </param>
          </params>
          <reporter-output>
          </reporter-output>
        </test-method> <!-- testDeleteCandidates -->
        <test-method status="SKIP" signature="testEditParty(java.lang.String, java.lang.String, java.lang.String)[pri:0, instance:it.akademija.admin.TestParty@6fadae5d]" name="testEditParty" duration-ms="0" started-at="2017-02-22T09:51:14Z" finished-at="2017-02-22T09:51:14Z">
          <params>
            <param index="0">
              <value>
                <![CDATA[Zuokuciooo partija]]>
              </value>
            </param>
            <param index="1">
              <value>
                <![CDATA[Zuokucio partija]]>
              </value>
            </param>
            <param index="2">
              <value>
                <![CDATA[66]]>
              </value>
            </param>
          </params>
          <reporter-output>
          </reporter-output>
        </test-method> <!-- testEditParty -->
        <test-method status="SKIP" signature="endingTestActivities()[pri:0, instance:it.akademija.admin.TestParty@6fadae5d]" name="endingTestActivities" is-config="true" duration-ms="0" started-at="2017-02-22T09:51:14Z" finished-at="2017-02-22T09:51:14Z">
          <reporter-output>
          </reporter-output>
        </test-method> <!-- endingTestActivities -->
        <test-method status="SKIP" signature="testDeleteParty(java.lang.String)[pri:0, instance:it.akademija.admin.TestParty@6fadae5d]" name="testDeleteParty" duration-ms="0" started-at="2017-02-22T09:51:14Z" finished-at="2017-02-22T09:51:14Z">
          <params>
            <param index="0">
              <value>
                <![CDATA[Bruzgesss partija]]>
              </value>
            </param>
          </params>
          <reporter-output>
          </reporter-output>
        </test-method> <!-- testDeleteParty -->
      </class> <!-- it.akademija.admin.TestParty -->
    </test> <!-- ChromeTest -->
  </suite> <!-- Suite -->
</testng-results>
